<?xml version="1.0" encoding="windows-1252" standalone="no"?>
<!DOCTYPE log SYSTEM "logger.dtd">
<log>
<record>
  <date>2019-03-11T12:50:58</date>
  <millis>1552288858553</millis>
  <sequence>0</sequence>
  <logger>global</logger>
  <level>INFO</level>
  <class>com.java.practice.Logging</class>
  <method>main</method>
  <thread>1</thread>
  <message>main method executed!</message>
</record>
<record>
  <date>2019-03-11T12:50:58</date>
  <millis>1552288858659</millis>
  <sequence>1</sequence>
  <logger>global</logger>
  <level>INFO</level>
  <class>com.java.practice.Logging</class>
  <method>main</method>
  <thread>1</thread>
  <message>IO Exception</message>
</record>
<record>
  <date>2019-03-11T12:50:58</date>
  <millis>1552288858660</millis>
  <sequence>2</sequence>
  <logger>global</logger>
  <level>SEVERE</level>
  <class>com.java.practice.Logging</class>
  <method>main</method>
  <thread>1</thread>
  <message>Severe Error Occured!</message>
</record>
</log>
